<?xml version="1.0" encoding="UTF-8"?>
<testng-results ignored="0" total="1" passed="1" failed="0" skipped="0">
  <reporter-output>
  </reporter-output>
  <suite started-at="2025-11-15T22:11:32 IST" name="Default suite" finished-at="2025-11-15T22:11:47 IST" duration-ms="14674">
    <groups>
    </groups>
    <test started-at="2025-11-15T22:11:32 IST" name="Default test" finished-at="2025-11-15T22:11:47 IST" duration-ms="14674">
      <class name="com.travolgo.test.HomePageTest">
        <test-method is-config="true" signature="loadConfig()[pri:0, instance:com.travolgo.test.HomePageTest@366647c2]" started-at="2025-11-15T22:11:32 IST" name="loadConfig" finished-at="2025-11-15T22:11:32 IST" duration-ms="17" status="PASS">
          <reporter-output>
          </reporter-output>
        </test-method> <!-- loadConfig -->
        <test-method is-config="true" signature="setup()[pri:0, instance:com.travolgo.test.HomePageTest@366647c2]" started-at="2025-11-15T22:11:32 IST" name="setup" finished-at="2025-11-15T22:11:42 IST" duration-ms="9272" status="PASS">
          <reporter-output>
          </reporter-output>
        </test-method> <!-- setup -->
        <test-method is-config="true" signature="home_page_setup()[pri:0, instance:com.travolgo.test.HomePageTest@366647c2]" started-at="2025-11-15T22:11:42 IST" name="home_page_setup" finished-at="2025-11-15T22:11:42 IST" duration-ms="10" status="PASS">
          <reporter-output>
          </reporter-output>
        </test-method> <!-- home_page_setup -->
        <test-method signature="testing_homepage_elements()[pri:0, instance:com.travolgo.test.HomePageTest@366647c2]" started-at="2025-11-15T22:11:42 IST" name="testing_homepage_elements" finished-at="2025-11-15T22:11:47 IST" duration-ms="5232" status="PASS">
          <reporter-output>
          </reporter-output>
        </test-method> <!-- testing_homepage_elements -->
        <test-method is-config="true" signature="tearDown()[pri:0, instance:com.travolgo.test.HomePageTest@366647c2]" started-at="2025-11-15T22:11:47 IST" name="tearDown" finished-at="2025-11-15T22:11:47 IST" duration-ms="124" status="PASS">
          <reporter-output>
          </reporter-output>
        </test-method> <!-- tearDown -->
      </class> <!-- com.travolgo.test.HomePageTest -->
    </test> <!-- Default test -->
  </suite> <!-- Default suite -->
</testng-results>
