<?xml version="1.0" encoding="UTF-8"?>
<testng-results ignored="0" total="1" passed="1" failed="0" skipped="0">
  <reporter-output>
  </reporter-output>
  <suite started-at="2025-11-15T21:23:18 IST" name="Default suite" finished-at="2025-11-15T21:23:32 IST" duration-ms="14107">
    <groups>
    </groups>
    <test started-at="2025-11-15T21:23:18 IST" name="Default test" finished-at="2025-11-15T21:23:32 IST" duration-ms="14107">
      <class name="com.travolgo.test.LoginPageTest">
        <test-method is-config="true" signature="loadConfig()[pri:0, instance:com.travolgo.test.LoginPageTest@366647c2]" started-at="2025-11-15T21:23:18 IST" name="loadConfig" finished-at="2025-11-15T21:23:18 IST" duration-ms="44" status="PASS">
          <reporter-output>
          </reporter-output>
        </test-method> <!-- loadConfig -->
        <test-method is-config="true" signature="setup()[pri:0, instance:com.travolgo.test.LoginPageTest@366647c2]" started-at="2025-11-15T21:23:18 IST" name="setup" finished-at="2025-11-15T21:23:29 IST" duration-ms="11040" status="PASS">
          <reporter-output>
          </reporter-output>
        </test-method> <!-- setup -->
        <test-method is-config="true" signature="loginpage_setup()[pri:0, instance:com.travolgo.test.LoginPageTest@366647c2]" started-at="2025-11-15T21:23:29 IST" name="loginpage_setup" finished-at="2025-11-15T21:23:29 IST" duration-ms="11" status="PASS">
          <reporter-output>
          </reporter-output>
        </test-method> <!-- loginpage_setup -->
        <test-method signature="verifyLogin()[pri:0, instance:com.travolgo.test.LoginPageTest@366647c2]" started-at="2025-11-15T21:23:29 IST" name="verifyLogin" finished-at="2025-11-15T21:23:32 IST" duration-ms="2800" status="PASS">
          <reporter-output>
          </reporter-output>
        </test-method> <!-- verifyLogin -->
        <test-method is-config="true" signature="tearDown()[pri:0, instance:com.travolgo.test.LoginPageTest@366647c2]" started-at="2025-11-15T21:23:32 IST" name="tearDown" finished-at="2025-11-15T21:23:32 IST" duration-ms="164" status="PASS">
          <reporter-output>
          </reporter-output>
        </test-method> <!-- tearDown -->
      </class> <!-- com.travolgo.test.LoginPageTest -->
    </test> <!-- Default test -->
  </suite> <!-- Default suite -->
</testng-results>
